
> library(statmod)

> set.seed(1000)

> print(system("hostname", intern=T))
[1] "JC121624"

> heure.debut=Sys.time()

> print(heure.debut)
[1] "2016-06-28 12:39:24 CEST"

> ####### cree les fonctions cDataDesign.lin.nph.v3 et cdatasimulation.v5 (rapide et non spécifique au site)	!!!
> 
> source( paste( chemin , "Simulat ..." ... [TRUNCATED] 

> source( paste( chemin , "Simulations/Fonctions/cdatasimulation.PourDiffusion.R" , sep = "") )

> source( paste( chemin , "Simulations/Fonctions/ListModeles.R"                   , sep = "") )

> ###### ----- > Taux attendus et poprate
> 
> tauxatt = dget( file = paste( chemin , "Simulations/MUA/muaDF8933.dat" , sep = "") )

> ###### ----- > Paramètres pour la simulation	!!!
> 
> load( file = paste( chemin , "Simulations/Parametres_Theoriques/lin_ph_colon/parametre_theoriq ..." ... [TRUNCATED] 

> coef.colon.lin.ph[6] <- 0.02

> NbFichier = 1

> n         = 100000

> rm( mod.lin.ph )

> mod.lin.ph = list.model.simu()$ms.lin.ph

> ###### ----- > Simulation de données
> # DataDesign.lin.nph            : Liste contentant tous les tab d'informations fixes utiles			!!!
> # ListDat .... [TRUNCATED] 
Heure debut 

> print(date())
[1] "Tue Jun 28 12:39:25 2016"

> DataDesign.lin.ph = cDataDesign.PourDiffusion(  n             = n                    , 
+                                                 beta       .... [TRUNCATED] 

> ListDataSimulation.lin.ph = list()

> for (i in 1:NbFichier)
+ {
+   print(paste(cat("\n simulation du fichier i "),i ))
+   print(Sys.time())
+   ListDataSimulation.lin.ph[[i]] <- cdata .... [TRUNCATED] 

 simulation du fichier i [1] " 1"
[1] "2016-06-28 12:40:39 CEST"
[1] "Tue Jun 28 12:40:39 2016"
[1] "Tue Jun 28 13:18:07 2016"

> #========================save ===================
> 
> save( DataDesign.lin.ph         , file = paste( chemin , chemin2 , "DataDesign.lin.ph.RData"  .... [TRUNCATED] 

> save( ListDataSimulation.lin.ph , file = paste( chemin , chemin2 , "ListDataSimulation.lin.ph.RData" , sep = "") )

> print(cat("\n Fin de la simulation des donnees \n"))

 Fin de la simulation des donnees 
NULL

> print(date())
[1] "Tue Jun 28 15:40:31 2016"

> print(cat("\n SURVIE THEORIQUE DE LA POPULATION \n"))

 SURVIE THEORIQUE DE LA POPULATION 
NULL

> print(DataDesign.lin.ph$survie.pop)
  temps    Survie
1     1 0.8006075
2     3 0.6511874
3     5 0.5793864
4    10 0.5093924

> heure.fin=Sys.time()

> print(heure.fin)
[1] "2016-06-28 15:40:31 CEST"

> print(cat("\n", "\n", "Durée du programme en heure","\n"))

 
 Durée du programme en heure 
NULL

> print(difftime(heure.fin, heure.debut,units = c("hours")))
Time difference of 3.018796 hours

> sink()
