[1] "Manu-PC"
[1] "2016-07-16 18:39:15 EDT"
Heure debut 
[1] "Sat Jul 16 18:39:15 2016"

 simulation du fichier i [1] " 1"
[1] "2016-07-16 18:39:34 EDT"

 simulation du fichier i [1] " 2"
[1] "2016-07-16 18:42:43 EDT"

 simulation du fichier i [1] " 3"
[1] "2016-07-16 18:45:37 EDT"

 simulation du fichier i [1] " 4"
[1] "2016-07-16 18:48:30 EDT"

 simulation du fichier i [1] " 5"
[1] "2016-07-16 18:51:27 EDT"

 simulation du fichier i [1] " 6"
[1] "2016-07-16 18:54:23 EDT"

 simulation du fichier i [1] " 7"
[1] "2016-07-16 18:57:24 EDT"

 simulation du fichier i [1] " 8"
[1] "2016-07-16 19:00:21 EDT"

 simulation du fichier i [1] " 9"
[1] "2016-07-16 19:03:09 EDT"

 simulation du fichier i [1] " 10"
[1] "2016-07-16 19:05:59 EDT"

 Fin de la simulation des donnees 
NULL
[1] "Sat Jul 16 19:08:48 2016"

 SURVIE THEORIQUE DE LA POPULATION 
NULL
  temps    Survie
1     1 0.7720067
2     3 0.6088971
3     5 0.5359346
4    10 0.4782510
[1] "2016-07-16 19:08:48 EDT"

 
 Durée du programme en heure 
NULL
Time difference of 0.492715 hours
